State 11 conflicts: 1 shift/reduce


Grammar

    0 $accept: program $end

    1 program: stmt SEMI

    2 stmt: IF ID THEN stmt
    3     | IF ID THEN stmt ELSE stmt
    4     | ID ASSIGN ID


Terminals, with rules where they appear

    $end (0) 0
    error (256)
    IF (258) 2 3
    THEN (259) 2 3
    ELSE (260) 3
    ID (261) 2 3 4
    ASSIGN (262) 4
    SEMI (263) 1


Nonterminals, with rules where they appear

    $accept (9)
        on left: 0
    program (10)
        on left: 1
        on right: 0
    stmt (11)
        on left: 2 3 4
        on right: 1 2 3


State 0

    0 $accept: • program $end

    IF  shift, and go to state 1
    ID  shift, and go to state 2

    program  go to state 3
    stmt     go to state 4


State 1

    2 stmt: IF • ID THEN stmt
    3     | IF • ID THEN stmt ELSE stmt

    ID  shift, and go to state 5


State 2

    4 stmt: ID • ASSIGN ID

    ASSIGN  shift, and go to state 6


State 3

    0 $accept: program • $end

    $end  shift, and go to state 7


State 4

    1 program: stmt • SEMI

    SEMI  shift, and go to state 8


State 5

    2 stmt: IF ID • THEN stmt
    3     | IF ID • THEN stmt ELSE stmt

    THEN  shift, and go to state 9


State 6

    4 stmt: ID ASSIGN • ID

    ID  shift, and go to state 10


State 7

    0 $accept: program $end •

    $default  accept


State 8

    1 program: stmt SEMI •

    $default  reduce using rule 1 (program)


State 9

    2 stmt: IF ID THEN • stmt
    3     | IF ID THEN • stmt ELSE stmt

    IF  shift, and go to state 1
    ID  shift, and go to state 2

    stmt  go to state 11


State 10

    4 stmt: ID ASSIGN ID •

    $default  reduce using rule 4 (stmt)


State 11

    2 stmt: IF ID THEN stmt •
    3     | IF ID THEN stmt • ELSE stmt

    ELSE  shift, and go to state 12

    ELSE      [reduce using rule 2 (stmt)]
    $default  reduce using rule 2 (stmt)


State 12

    3 stmt: IF ID THEN stmt ELSE • stmt

    IF  shift, and go to state 1
    ID  shift, and go to state 2

    stmt  go to state 13


State 13

    3 stmt: IF ID THEN stmt ELSE stmt •

    $default  reduce using rule 3 (stmt)
